
404 error at 13-09-2015 13:11:00: http://localhost:5000/does_not_exist 
404 error at 13-09-2015 22:44:07: http://localhost/this-route-does-not-exsit/ 
404 error at 14-09-2015 20:05:32: http://localhost/this-route-does-not-exsit/ 
404 error at 14-09-2015 20:55:19: http://localhost/this-route-does-not-exsit/ 
404 error at 14-09-2015 20:58:32: http://localhost/api/v1/tasks/2 
500 error at 14-09-2015 21:02:53: http://localhost:5000/api/v1/tasks/1/ 
404 error at 14-09-2015 21:02:56: http://localhost:5000/favicon.ico 
404 error at 14-09-2015 21:02:56: http://localhost:5000/favicon.ico 
500 error at 14-09-2015 21:03:19: http://localhost:5000/api/v1/tasks/2/ 
500 error at 14-09-2015 21:08:32: http://localhost:5000/api/v1/tasks/209/ 
500 error at 16-09-2015 19:33:31: http://localhost:5000/api/v1/tasks/209/ 
404 error at 16-09-2015 19:33:33: http://localhost:5000/favicon.ico 
404 error at 16-09-2015 19:33:33: http://localhost:5000/favicon.ico 
404 error at 16-09-2015 19:33:57: http://localhost/this-route-does-not-exsit/ 
404 error at 16-09-2015 19:35:10: http://localhost/api/v1/tasks/209 
404 error at 16-09-2015 19:35:11: http://localhost/api/v1/tasks/2 
404 error at 16-09-2015 19:35:11: http://localhost/this-route-does-not-exsit/ 
404 error at 16-09-2015 19:36:09: http://localhost/this-route-does-not-exsit/ 
404 error at 16-09-2015 19:37:36: http://localhost/this-route-does-not-exsit/ 
404 error at 16-09-2015 19:41:57: http://localhost/this-route-does-not-exsit/ 
500 error at 16-09-2015 19:47:46: http://localhost:5000/tasks/ 
500 error at 16-09-2015 19:47:55: http://localhost:5000/tasks/ 
500 error at 16-09-2015 19:48:42: http://localhost:5000/register/ 
404 error at 16-09-2015 20:25:22: http://localhost/this-route-does-not-exsit/ 
404 error at 16-09-2015 20:29:29: http://localhost/this-route-does-not-exsit/ 
404 error at 16-09-2015 20:33:53: http://localhost/this-route-does-not-exsit/ 
404 error at 16-09-2015 20:34:38: http://localhost/this-route-does-not-exsit/ 
404 error at 16-09-2015 20:38:52: http://localhost/this-route-does-not-exsit/ 
404 error at 16-09-2015 20:40:23: http://localhost/this-route-does-not-exsit/ 
404 error at 16-09-2015 20:42:53: http://localhost/this-route-does-not-exsit/ 
404 error at 16-09-2015 20:45:14: http://localhost/this-route-does-not-exsit/ 
404 error at 16-09-2015 20:47:00: http://localhost/this-route-does-not-exsit/ 
404 error at 16-09-2015 20:47:48: http://localhost/this-route-does-not-exsit/ 
404 error at 16-09-2015 20:49:01: http://localhost/this-route-does-not-exsit/ 
404 error at 16-09-2015 20:57:53: http://localhost/this-route-does-not-exsit/ 
404 error at 16-09-2015 20:59:40: http://localhost/this-route-does-not-exsit/ 
404 error at 16-09-2015 21:04:13: http://localhost/this-route-does-not-exsit/ 
404 error at 16-09-2015 21:05:37: http://localhost/this-route-does-not-exsit/ 
404 error at 16-09-2015 21:07:01: http://localhost/this-route-does-not-exsit/ 
404 error at 16-09-2015 21:09:37: http://localhost/this-route-does-not-exsit/ 
404 error at 16-09-2015 21:14:33: http://localhost/this-route-does-not-exsit/ 
404 error at 16-09-2015 21:16:41: http://localhost/this-route-does-not-exsit/ 
404 error at 16-09-2015 21:23:24: http://localhost/this-route-does-not-exsit/ 